<?xml version="1.0" encoding="UTF-8"?>
<testng-results ignored="0" total="1" passed="1" failed="0" skipped="0">
  <reporter-output>
  </reporter-output>
  <suite started-at="2024-09-22T17:47:19 IST" name="Default suite" finished-at="2024-09-22T17:47:19 IST" duration-ms="58">
    <groups>
    </groups>
    <test started-at="2024-09-22T17:47:19 IST" name="Default test" finished-at="2024-09-22T17:47:19 IST" duration-ms="58">
      <class name="JavaPrograms.DuplicateCharacters">
        <test-method signature="print()[pri:0, instance:JavaPrograms.DuplicateCharacters@76b1e9b8]" started-at="2024-09-22T17:47:19 IST" name="print" finished-at="2024-09-22T17:47:19 IST" duration-ms="8" status="PASS">
          <reporter-output>
          </reporter-output>
        </test-method> <!-- print -->
      </class> <!-- JavaPrograms.DuplicateCharacters -->
    </test> <!-- Default test -->
  </suite> <!-- Default suite -->
</testng-results>
